Initializing bt_server
vec length: 1
last: (4.66839e-313,-4.07856e-56
origin = (50,300) VnAngle = 0.000000 , delXY = (200,-125)
vec length: 2
last: (5.30499e-313,-4.07857e-56
origin = (50,283) VnAngle = 0.000000 , delXY = (200,-108)
vec length: 3
last: (4.45619e-313,-6.09877e-56
origin = (50,211) VnAngle = 100.020667 , delXY = (200,-36)
vec length: 4
last: (1.97346e-311,-4.07857e-56
origin = (50,171) VnAngle = 125.547153 , delXY = (200,4)
vec length: 5
last: (1.44508e-311,-4.07857e-56
origin = (50,153) VnAngle = 127.649033 , delXY = (200,22)
Sensornav connected succesfully
vec length: 6
last: (9.71874e-312,-4.07857e-56
origin = (50,163) VnAngle = 127.648954 , delXY = (200,12)
vec length: 7
last: (3.07689e-312,-4.07857e-56
origin = (50,188) VnAngle = 97.441542 , delXY = (200,-13)
vec length: 8
last: (1.3793e-312,-4.07857e-56
origin = (50,207) VnAngle = 83.076789 , delXY = (200,-32)
vec length: 9
last: (1.63394e-312,1.45836e-301
origin = (50,221) VnAngle = 83.076714 , delXY = (200,-46)
vec length: 10
last: (2.97504e-311,-4.07857e-56
origin = (50,233) VnAngle = 83.076638 , delXY = (200,-58)
vec length: 11
last: (2.92348e-311,-4.07857e-56
origin = (50,248) VnAngle = 83.076563 , delXY = (200,-73)
vec length: 12
last: (2.87318e-311,-4.07857e-56
origin = (50,267) VnAngle = 61.089248 , delXY = (200,-92)
vec length: 13
last: (2.82225e-311,-4.07857e-56
origin = (50,283) VnAngle = 54.999600 , delXY = (200,-108)
vec length: 14
last: (2.77133e-311,-4.07857e-56
origin = (50,297) VnAngle = 54.999600 , delXY = (200,-122)
vec length: 15
last: (2.7204e-311,-4.07857e-56
origin = (50,300) VnAngle = 54.999600 , delXY = (200,-125)
vec length: 16
last: (2.66947e-311,-4.07857e-56
origin = (60,300) VnAngle = 29.129375 , delXY = (190,-125)
vec length: 17
last: (1.00179e-310,-6.41951e-56
origin = (81,300) VnAngle = -49.594526 , delXY = (169,-125)
vec length: 18
last: (9.05222e-311,-4.07857e-56
origin = (101,300) VnAngle = -52.351497 , delXY = (149,-125)
vec length: 19
last: (1.03978e-312,-4.07857e-56
origin = (126,299) VnAngle = -59.440431 , delXY = (124,-124)
vec length: 20
last: (6.15379e-313,2.122e-313
origin = (143,297) VnAngle = -92.376371 , delXY = (107,-122)
vec length: 21
last: (7.00259e-313,-4.07857e-56
origin = (161,295) VnAngle = -96.923439 , delXY = (89,-120)
vec length: 22
last: (4.55168e-311,-4.07857e-56
origin = (178,293) VnAngle = -96.923363 , delXY = (72,-118)
vec length: 23
last: (4.09545e-312,-4.07857e-56
origin = (195,291) VnAngle = -96.923288 , delXY = (55,-116)
vecSize = 23
vecSize = 23
vec length: 24
last: (5.81304e-312,-4.07857e-56
origin = (212,279) VnAngle = -104.730961 , delXY = (38,-104)
vecSize = 24
vecSize = 24
vec length: 25
last: (5.30376e-312,-4.07857e-56
origin = (229,267) VnAngle = -125.000100 , delXY = (21,-92)
vecSize = 25
vecSize = 25
vec length: 26
last: (3.2651e-312,-4.07857e-56
origin = (246,255) VnAngle = -125.000100 , delXY = (4,-80)
vecSize = 26
vecSize = 26
vec length: 27
last: (2.92411e-311,-4.07857e-56
origin = (263,243) VnAngle = -125.000100 , delXY = (-13,-68)
vecSize = 27
vecSize = 27
vec length: 28
last: (4.43497e-312,-4.07857e-56
origin = (280,232) VnAngle = -125.000100 , delXY = (-30,-57)
vec length: 29
last: (1.76974e-311,-4.07857e-56
origin = (259,216) VnAngle = -165.106663 , delXY = (-9,-41)
vec length: 30
last: (1.03978e-312,-4.07857e-56
origin = (239,200) VnAngle = 127.649086 , delXY = (11,-25)
vec length: 31
last: (3.22756e-311,-4.07857e-56
origin = (218,184) VnAngle = 127.649007 , delXY = (32,-9)
closedLoopDetected
test: 32.000140
test: 32.000200
test: 32.000233
test: 32.000263
test: 32.000293
test: 32.000345
test: 32.000405
test: 32.000465
test: 32.000525
test: 32.000585
test: 32.000660
test: 32.000740
test: 32.000820
test: 32.000900
test: 32.000983
test: 32.000958
test: 32.000928
test: 32.000888
test: 32.000825
test: 32.000765
test: 32.000705
test: 32.000645
test: 32.000580
test: 32.000500
test: 32.000420
test: 32.000340
test: 32.000260
test: 32.000212
test: 32.000243
test: 32.000273
test: 32.000295
vec length: 1
last: (4.45619e-313,9.7652e+199
origin = (50,300) VnAngle = 0.000000 , delXY = (200,-125)
vec length: 1
last: (4.45619e-313,9.7652e+199
origin = (50,300) VnAngle = 0.000000 , delXY = (200,-125)
vec length: 2
last: (8.70018e-313,-4.07857e-56
origin = (185,182) VnAngle = 0.000000 , delXY = (65,-7)
vec length: 2
last: (-6.22087e-56,1.8786e-310
origin = (185,182) VnAngle = 0.000000 , delXY = (65,-7)
vec length: 3
last: (3.75696e-313,-4.07857e-56
origin = (168,184) VnAngle = 83.076789 , delXY = (82,-9)
vec length: 3
last: (6.15379e-313,2.122e-314
origin = (168,184) VnAngle = 83.076789 , delXY = (82,-9)
vec length: 4
last: (6.15379e-313,2.122e-314
origin = (150,186) VnAngle = 83.076714 , delXY = (100,-11)
vec length: 4
last: (6.15379e-313,2.122e-314
origin = (150,186) VnAngle = 83.076714 , delXY = (100,-11)
vec length: 5
last: (6.15379e-313,2.122e-314
origin = (133,188) VnAngle = 83.076638 , delXY = (117,-13)
vec length: 5
last: (6.15379e-313,2.122e-314
origin = (133,188) VnAngle = 83.076638 , delXY = (117,-13)
vec length: 6
last: (3.60739e-313,-4.07857e-56
origin = (116,195) VnAngle = 83.076563 , delXY = (134,-20)
vec length: 6
last: (3.60739e-313,-4.07857e-56
origin = (116,195) VnAngle = 83.076563 , delXY = (134,-20)
vec length: 7
last: (7.00259e-313,-4.07857e-56
origin = (99,207) VnAngle = 61.089248 , delXY = (151,-32)
vec length: 7
last: (7.00259e-313,-4.07857e-56
origin = (99,207) VnAngle = 61.089248 , delXY = (151,-32)
vec length: 8
last: (0,6.15379e-313
origin = (82,219) VnAngle = 54.999600 , delXY = (168,-44)
vec length: 8
last: (0,6.15379e-313
origin = (82,219) VnAngle = 54.999600 , delXY = (168,-44)
vec length: 9
last: (6.15379e-313,2.122e-314
origin = (65,231) VnAngle = 54.999600 , delXY = (185,-56)
vec length: 9
last: (6.15379e-313,2.122e-314
origin = (65,231) VnAngle = 54.999600 , delXY = (185,-56)
vec length: 10
last: (2.99201e-312,9.1151e-303
origin = (50,243) VnAngle = 54.999600 , delXY = (200,-68)
vec length: 10
last: (2.99201e-312,2.04175e-302
